<?xml version="1.0" encoding="UTF-8"?>
<!-- Generated by org.testng.reporters.JUnitReportReporter -->
<testsuite hostname="DESKTOP-KP79OHH" name="com.automation.eCom.scripts.Register" tests="1" failures="0" timestamp="15 Jul 2017 19:51:59 GMT" time="20.886" errors="0">
  <testcase name="executeTest" time="20.886" classname="com.automation.eCom.scripts.Register"/>
</testsuite> <!-- com.automation.eCom.scripts.Register -->
